<?xml version="1.0" encoding="UTF-8"?>
<robot generator="Robot 6.0.2 (Python 3.9.6 on darwin)" generated="20231206 19:55:50.037" rpa="false" schemaversion="3">
<suite id="s1" name="LGAutomation" source="/Users/muhammadinaam/PycharmProjects/React_Native_Automation/LG_Automation/TestCases/LGAutomation.robot">
<test id="s1-t1" name="TestCase5: Verify Newsfeed screen is opened?" line="74">
<kw name="Run Keyword And Return Status" library="BuiltIn">
<var>${Donor_feed}</var>
<arg>Page Should Contain Text</arg>
<arg>streak</arg>
<doc>Runs the given keyword with given arguments and returns the status as a Boolean value.</doc>
<kw name="Page Should Contain Text" library="AppiumLibrary">
<arg>streak</arg>
<doc>Verifies that current page contains `text`.</doc>
<kw name="Capture Page Screenshot" library="AppiumLibrary">
<doc>Takes a screenshot of the current page and embeds it into the log.</doc>
<msg timestamp="20231206 19:55:50.439" level="FAIL">No application is open</msg>
<status status="FAIL" starttime="20231206 19:55:50.438" endtime="20231206 19:55:50.448"/>
</kw>
<msg timestamp="20231206 19:55:50.451" level="WARN">Keyword 'Capture Page Screenshot' could not be run on failure: No application is open</msg>
<kw name="Capture Page Screenshot" library="AppiumLibrary">
<doc>Takes a screenshot of the current page and embeds it into the log.</doc>
<msg timestamp="20231206 19:55:50.452" level="FAIL">No application is open</msg>
<status status="FAIL" starttime="20231206 19:55:50.452" endtime="20231206 19:55:50.456"/>
</kw>
<msg timestamp="20231206 19:55:50.459" level="WARN">Keyword 'Capture Page Screenshot' could not be run on failure: No application is open</msg>
<msg timestamp="20231206 19:55:50.459" level="FAIL">No application is open</msg>
<status status="FAIL" starttime="20231206 19:55:50.437" endtime="20231206 19:55:50.460"/>
</kw>
<msg timestamp="20231206 19:55:50.460" level="INFO">${Donor_feed} = False</msg>
<status status="PASS" starttime="20231206 19:55:50.436" endtime="20231206 19:55:50.460"/>
</kw>
<kw name="Run Keyword If" library="BuiltIn">
<arg>'${Donor_feed}' == 'True'</arg>
<arg>Log To Console</arg>
<arg>Newsfeed screen is opened successfully</arg>
<arg>ELSE</arg>
<arg>Log To Console</arg>
<arg>Newsfeed screen isn't opened.</arg>
<doc>Runs the given keyword with the given arguments, if ``condition`` is true.</doc>
<kw name="Log To Console" library="BuiltIn">
<arg>Newsfeed screen isn't opened.</arg>
<doc>Logs the given message to the console.</doc>
<status status="PASS" starttime="20231206 19:55:50.461" endtime="20231206 19:55:50.461"/>
</kw>
<status status="PASS" starttime="20231206 19:55:50.460" endtime="20231206 19:55:50.462"/>
</kw>
<kw name="Log To Console" library="BuiltIn">
<arg>Newsfeed screen is opened successfully</arg>
<doc>Logs the given message to the console.</doc>
<status status="PASS" starttime="20231206 19:55:50.462" endtime="20231206 19:55:50.462"/>
</kw>
<kw name="Sleep" library="BuiltIn">
<arg>2s</arg>
<doc>Pauses the test executed for the given time.</doc>
<msg timestamp="20231206 19:55:52.465" level="INFO">Slept 2 seconds</msg>
<status status="PASS" starttime="20231206 19:55:50.462" endtime="20231206 19:55:52.465"/>
</kw>
<status status="PASS" starttime="20231206 19:55:50.435" endtime="20231206 19:55:52.466"/>
</test>
<status status="PASS" starttime="20231206 19:55:50.040" endtime="20231206 19:55:52.468"/>
</suite>
<statistics>
<total>
<stat pass="1" fail="0" skip="0">All Tests</stat>
</total>
<tag>
</tag>
<suite>
<stat pass="1" fail="0" skip="0" id="s1" name="LGAutomation">LGAutomation</stat>
</suite>
</statistics>
<errors>
<msg timestamp="20231206 19:55:50.451" level="WARN">Keyword 'Capture Page Screenshot' could not be run on failure: No application is open</msg>
<msg timestamp="20231206 19:55:50.459" level="WARN">Keyword 'Capture Page Screenshot' could not be run on failure: No application is open</msg>
</errors>
</robot>
